<?xml version="1.0" encoding="UTF-8"?>
<!-- Generated by org.testng.reporters.JUnitXMLReporter -->
<testsuite ignored="0" hostname="LAP-HYD-0X91354" failures="0" tests="10" name="Default test" time="0.192" errors="0" timestamp="31 Oct 2021 19:37:14 GMT">
  <testcase classname="com.demo.assignments.Aman_Kumar" name="@BeforeClass setUp" time="0.1">
    <failure type="java.lang.IllegalStateException" message="The driver executable must exist: C:\Driver\chromedriver.exe">
      <![CDATA[java.lang.IllegalStateException: The driver executable must exist: C:\Driver\chromedriver.exe
at org.openqa.selenium.internal.Require$FileStateChecker.isFile(Require.java:315)
at org.openqa.selenium.remote.service.DriverService.checkExecutable(DriverService.java:144)
at org.openqa.selenium.remote.service.DriverService.findExecutable(DriverService.java:139)
at org.openqa.selenium.chrome.ChromeDriverService.access$000(ChromeDriverService.java:38)
at org.openqa.selenium.chrome.ChromeDriverService$Builder.findDefaultExecutable(ChromeDriverService.java:231)
at org.openqa.selenium.remote.service.DriverService$Builder.build(DriverService.java:434)
at org.openqa.selenium.chrome.ChromeDriverService.createDefaultService(ChromeDriverService.java:127)
at org.openqa.selenium.chrome.ChromeDriver.<init>(ChromeDriver.java:46)
at com.demo.assignments.Aman_Kumar.setUp(Aman_Kumar.java:27)
at java.base/jdk.internal.reflect.NativeMethodAccessorImpl.invoke0(Native Method)
at java.base/jdk.internal.reflect.NativeMethodAccessorImpl.invoke(NativeMethodAccessorImpl.java:77)
at java.base/jdk.internal.reflect.DelegatingMethodAccessorImpl.invoke(DelegatingMethodAccessorImpl.java:43)
at java.base/java.lang.reflect.Method.invoke(Method.java:568)
at org.testng.internal.MethodInvocationHelper.invokeMethod(MethodInvocationHelper.java:124)
at org.testng.internal.MethodInvocationHelper.invokeMethodConsideringTimeout(MethodInvocationHelper.java:59)
at org.testng.internal.Invoker.invokeConfigurationMethod(Invoker.java:458)
at org.testng.internal.Invoker.invokeConfigurations(Invoker.java:222)
at org.testng.internal.Invoker.invokeConfigurations(Invoker.java:142)
at org.testng.internal.TestMethodWorker.invokeBeforeClassMethods(TestMethodWorker.java:168)
at org.testng.internal.TestMethodWorker.run(TestMethodWorker.java:105)
at org.testng.TestRunner.privateRun(TestRunner.java:648)
at org.testng.TestRunner.run(TestRunner.java:505)
at org.testng.SuiteRunner.runTest(SuiteRunner.java:455)
at org.testng.SuiteRunner.runSequentially(SuiteRunner.java:450)
at org.testng.SuiteRunner.privateRun(SuiteRunner.java:415)
at org.testng.SuiteRunner.run(SuiteRunner.java:364)
at org.testng.SuiteRunnerWorker.runSuite(SuiteRunnerWorker.java:52)
at org.testng.SuiteRunnerWorker.run(SuiteRunnerWorker.java:84)
at org.testng.TestNG.runSuitesSequentially(TestNG.java:1208)
at org.testng.TestNG.runSuitesLocally(TestNG.java:1137)
at org.testng.TestNG.runSuites(TestNG.java:1049)
at org.testng.TestNG.run(TestNG.java:1017)
at org.testng.remote.AbstractRemoteTestNG.run(AbstractRemoteTestNG.java:115)
at org.testng.remote.RemoteTestNG.initAndRun(RemoteTestNG.java:251)
at org.testng.remote.RemoteTestNG.main(RemoteTestNG.java:77)
]]>
    </failure>
  </testcase> <!-- @BeforeClass setUp -->
  <testcase classname="com.demo.assignments.Aman_Kumar" name="State" time="0.0">
    <skipped/>
  </testcase> <!-- State -->
  <testcase classname="com.demo.assignments.Aman_Kumar" name="City" time="0.0">
    <skipped/>
  </testcase> <!-- City -->
  <testcase classname="com.demo.assignments.Aman_Kumar" name="Hobbies" time="0.0">
    <skipped/>
  </testcase> <!-- Hobbies -->
  <testcase classname="com.demo.assignments.Aman_Kumar" name="Text_Field" time="0.0">
    <skipped/>
  </testcase> <!-- Text_Field -->
  <testcase classname="com.demo.assignments.Aman_Kumar" name="Radio_btn" time="0.0">
    <skipped/>
  </testcase> <!-- Radio_btn -->
  <testcase classname="com.demo.assignments.Aman_Kumar" name="Subjects" time="0.0">
    <skipped/>
  </testcase> <!-- Subjects -->
  <testcase classname="com.demo.assignments.Aman_Kumar" name="Choose_file" time="0.0">
    <skipped/>
  </testcase> <!-- Choose_file -->
  <testcase classname="com.demo.assignments.Aman_Kumar" name="Phone_no" time="0.0">
    <skipped/>
  </testcase> <!-- Phone_no -->
  <testcase classname="com.demo.assignments.Aman_Kumar" name="Date_of_Birth" time="0.0">
    <skipped/>
  </testcase> <!-- Date_of_Birth -->
  <testcase classname="com.demo.assignments.Aman_Kumar" name="Submit" time="0.0">
    <skipped/>
  </testcase> <!-- Submit -->
</testsuite> <!-- Default test -->
